{"/Users/EMK/Documents/javascript/jquery/vident/src/index.js": {"path":"/Users/EMK/Documents/javascript/jquery/vident/src/index.js","statementMap":{"0":{"start":{"line":4,"column":21},"end":{"line":53,"column":1}},"1":{"start":{"line":5,"column":2},"end":{"line":14,"column":3}},"2":{"start":{"line":6,"column":21},"end":{"line":9,"column":5}},"3":{"start":{"line":11,"column":4},"end":{"line":11,"column":41}},"4":{"start":{"line":13,"column":4},"end":{"line":13,"column":62}},"5":{"start":{"line":16,"column":2},"end":{"line":24,"column":3}},"6":{"start":{"line":17,"column":21},"end":{"line":19,"column":5}},"7":{"start":{"line":21,"column":4},"end":{"line":21,"column":41}},"8":{"start":{"line":23,"column":4},"end":{"line":23,"column":23}},"9":{"start":{"line":26,"column":2},"end":{"line":28,"column":3}},"10":{"start":{"line":27,"column":4},"end":{"line":27,"column":10}},"11":{"start":{"line":30,"column":2},"end":{"line":50,"column":3}},"12":{"start":{"line":31,"column":21},"end":{"line":34,"column":5}},"13":{"start":{"line":36,"column":4},"end":{"line":36,"column":41}},"14":{"start":{"line":38,"column":4},"end":{"line":38,"column":61}},"15":{"start":{"line":42,"column":21},"end":{"line":45,"column":5}},"16":{"start":{"line":47,"column":4},"end":{"line":47,"column":41}},"17":{"start":{"line":49,"column":4},"end":{"line":49,"column":51}},"18":{"start":{"line":52,"column":2},"end":{"line":52,"column":10}}},"fnMap":{"0":{"name":"(anonymous_0)","decl":{"start":{"line":4,"column":21},"end":{"line":4,"column":22}},"loc":{"start":{"line":4,"column":26},"end":{"line":53,"column":1}},"line":4},"1":{"name":"(anonymous_1)","decl":{"start":{"line":5,"column":21},"end":{"line":5,"column":22}},"loc":{"start":{"line":5,"column":32},"end":{"line":14,"column":3}},"line":5},"2":{"name":"(anonymous_2)","decl":{"start":{"line":16,"column":15},"end":{"line":16,"column":16}},"loc":{"start":{"line":16,"column":26},"end":{"line":24,"column":3}},"line":16},"3":{"name":"(anonymous_3)","decl":{"start":{"line":26,"column":20},"end":{"line":26,"column":21}},"loc":{"start":{"line":26,"column":26},"end":{"line":28,"column":3}},"line":26},"4":{"name":"(anonymous_4)","decl":{"start":{"line":30,"column":25},"end":{"line":30,"column":26}},"loc":{"start":{"line":30,"column":36},"end":{"line":39,"column":3}},"line":30},"5":{"name":"(anonymous_5)","decl":{"start":{"line":41,"column":25},"end":{"line":41,"column":26}},"loc":{"start":{"line":41,"column":36},"end":{"line":50,"column":3}},"line":41}},"branchMap":{},"s":{"0":1,"1":7,"2":3,"3":3,"4":3,"5":7,"6":1,"7":1,"8":1,"9":7,"10":2,"11":7,"12":6,"13":6,"14":6,"15":1,"16":1,"17":1,"18":7},"f":{"0":7,"1":3,"2":1,"3":2,"4":6,"5":1},"b":{},"_coverageSchema":"43e27e138ebf9cfc5966b082cf9a028302ed4184","hash":"4bf7556f7e4d0268c21b69faefe5c387b7908265"}
,"/Users/EMK/Documents/javascript/jquery/vident/src/component/index.js": {"path":"/Users/EMK/Documents/javascript/jquery/vident/src/component/index.js","statementMap":{"0":{"start":{"line":5,"column":4},"end":{"line":5,"column":28}},"1":{"start":{"line":6,"column":4},"end":{"line":8,"column":5}},"2":{"start":{"line":7,"column":6},"end":{"line":7,"column":32}},"3":{"start":{"line":9,"column":4},"end":{"line":9,"column":24}},"4":{"start":{"line":13,"column":4},"end":{"line":15,"column":5}},"5":{"start":{"line":14,"column":6},"end":{"line":14,"column":33}},"6":{"start":{"line":17,"column":4},"end":{"line":17,"column":38}}},"fnMap":{"0":{"name":"(anonymous_0)","decl":{"start":{"line":4,"column":2},"end":{"line":4,"column":3}},"loc":{"start":{"line":4,"column":41},"end":{"line":10,"column":3}},"line":4},"1":{"name":"(anonymous_1)","decl":{"start":{"line":12,"column":2},"end":{"line":12,"column":3}},"loc":{"start":{"line":12,"column":15},"end":{"line":18,"column":3}},"line":12}},"branchMap":{"0":{"loc":{"start":{"line":4,"column":24},"end":{"line":4,"column":39}},"type":"default-arg","locations":[{"start":{"line":4,"column":34},"end":{"line":4,"column":39}}],"line":4},"1":{"loc":{"start":{"line":6,"column":4},"end":{"line":8,"column":5}},"type":"if","locations":[{"start":{"line":6,"column":4},"end":{"line":8,"column":5}},{"start":{"line":6,"column":4},"end":{"line":8,"column":5}}],"line":6},"2":{"loc":{"start":{"line":13,"column":4},"end":{"line":15,"column":5}},"type":"if","locations":[{"start":{"line":13,"column":4},"end":{"line":15,"column":5}},{"start":{"line":13,"column":4},"end":{"line":15,"column":5}}],"line":13}},"s":{"0":11,"1":11,"2":2,"3":11,"4":5,"5":1,"6":5},"f":{"0":11,"1":5},"b":{"0":[4],"1":[2,9],"2":[1,4]},"_coverageSchema":"43e27e138ebf9cfc5966b082cf9a028302ed4184","hash":"a4c14cc2018e57976d804083a58ee2eff6d336e3"}
}
