TN:
SF:/Users/EMK/Documents/javascript/jquery/vident/src/index.js
FN:4,(anonymous_0)
FN:5,(anonymous_1)
FN:16,(anonymous_2)
FN:26,(anonymous_3)
FN:30,(anonymous_4)
FN:41,(anonymous_5)
FNF:6
FNH:6
FNDA:7,(anonymous_0)
FNDA:3,(anonymous_1)
FNDA:1,(anonymous_2)
FNDA:2,(anonymous_3)
FNDA:6,(anonymous_4)
FNDA:1,(anonymous_5)
DA:4,1
DA:5,7
DA:6,3
DA:11,3
DA:13,3
DA:16,7
DA:17,1
DA:21,1
DA:23,1
DA:26,7
DA:27,2
DA:30,7
DA:31,6
DA:36,6
DA:38,6
DA:42,1
DA:47,1
DA:49,1
DA:52,7
LF:19
LH:19
BRF:0
BRH:0
end_of_record
TN:
SF:/Users/EMK/Documents/javascript/jquery/vident/src/component/index.js
FN:4,(anonymous_0)
FN:12,(anonymous_1)
FNF:2
FNH:2
FNDA:11,(anonymous_0)
FNDA:5,(anonymous_1)
DA:5,11
DA:6,11
DA:7,2
DA:9,11
DA:13,5
DA:14,1
DA:17,5
LF:7
LH:7
BRDA:4,0,0,4
BRDA:6,1,0,2
BRDA:6,1,1,9
BRDA:13,2,0,1
BRDA:13,2,1,4
BRF:5
BRH:5
end_of_record
