TN:
SF:/Users/EMK/Documents/javascript/jquery/vident/src/index.js
FN:5,(anonymous_0)
FN:6,(anonymous_1)
FN:9,(anonymous_2)
FN:17,(anonymous_3)
FN:28,(anonymous_4)
FN:39,(anonymous_5)
FN:50,(anonymous_6)
FNF:7
FNH:5
FNDA:7,(anonymous_0)
FNDA:3,(anonymous_1)
FNDA:0,(anonymous_2)
FNDA:0,(anonymous_3)
FNDA:1,(anonymous_4)
FNDA:3,(anonymous_5)
FNDA:1,(anonymous_6)
DA:5,1
DA:6,7
DA:7,3
DA:9,0
DA:12,3
DA:14,3
DA:17,7
DA:18,0
DA:23,0
DA:25,0
DA:28,7
DA:29,1
DA:34,1
DA:36,1
DA:39,7
DA:40,3
DA:45,3
DA:47,3
DA:51,1
DA:56,1
DA:58,1
DA:61,7
LF:22
LH:18
BRF:0
BRH:0
end_of_record
TN:
SF:/Users/EMK/Documents/javascript/jquery/vident/src/component/index.js
FN:4,(anonymous_0)
FN:12,(anonymous_1)
FNF:2
FNH:2
FNDA:5,(anonymous_0)
FNDA:2,(anonymous_1)
DA:5,5
DA:6,5
DA:7,2
DA:9,5
DA:13,2
DA:14,1
DA:17,2
LF:7
LH:7
BRDA:4,0,0,1
BRDA:6,1,0,2
BRDA:6,1,1,3
BRDA:13,2,0,1
BRDA:13,2,1,1
BRF:5
BRH:5
end_of_record
TN:
SF:/Users/EMK/Documents/javascript/jquery/vident/src/page/index.js
FN:4,(anonymous_0)
FN:11,(anonymous_1)
FNF:2
FNH:2
FNDA:5,(anonymous_0)
FNDA:2,(anonymous_1)
DA:5,5
DA:6,5
DA:7,0
DA:9,5
DA:12,2
DA:13,0
DA:15,2
DA:16,2
LF:8
LH:6
BRDA:4,0,0,5
BRDA:6,1,0,0
BRDA:6,1,1,5
BRDA:12,2,0,0
BRDA:12,2,1,2
BRF:5
BRH:3
end_of_record
